2014-08-26 04:07:22.986+0000 INFO  [org.neo4j]: --- INITIALIZED diagnostics START ---
2014-08-26 04:07:22.986+0000 INFO  [org.neo4j]: Neo4j Kernel properties:
    neostore.propertystore.db.mapped_memory=110M
    neostore.nodestore.db.mapped_memory=30M
    neostore.relationshipstore.db.mapped_memory=134M
    neostore.propertystore.db.strings.mapped_memory=93M
    store_dir=8101.db
    neostore.propertystore.db.arrays.mapped_memory=106M
    ephemeral=false
2014-08-26 04:07:22.987+0000 INFO  [org.neo4j]: Diagnostics providers:
    org.neo4j.kernel.configuration.Config
    org.neo4j.kernel.info.DiagnosticsManager
    SYSTEM_MEMORY
    JAVA_MEMORY
    OPERATING_SYSTEM
    JAVA_VIRTUAL_MACHINE
    CLASSPATH
    LIBRARY_PATH
    SYSTEM_PROPERTIES
    NETWORK
2014-08-26 04:07:22.987+0000 INFO  [org.neo4j]: System memory information:
    Total Physical memory: 7.90 GB
    Free Physical memory: 3.16 GB
    Committed virtual memory: 249.33 MB
    Total swap space: 17.07 GB
    Free swap space: 11.29 GB
2014-08-26 04:07:22.988+0000 INFO  [org.neo4j]: JVM memory information:
    Free  memory: 96.53 MB
    Total memory: 121.50 MB
    Max   memory: 1.76 GB
    Garbage Collector: PS Scavenge: [PS Eden Space, PS Survivor Space]
    Garbage Collector: PS MarkSweep: [PS Eden Space, PS Survivor Space, PS Old Gen, PS Perm Gen]
    Memory Pool: Code Cache (Non-heap memory): committed=2.44 MB, used=562.69 kB, max=48.00 MB, threshold=0.00 B
    Memory Pool: PS Eden Space (Heap memory): committed=32.50 MB, used=24.97 MB, max=665.00 MB, threshold=?
    Memory Pool: PS Survivor Space (Heap memory): committed=5.00 MB, used=0.00 B, max=5.00 MB, threshold=?
    Memory Pool: PS Old Gen (Heap memory): committed=84.00 MB, used=0.00 B, max=1.32 GB, threshold=0.00 B
    Memory Pool: PS Perm Gen (Non-heap memory): committed=21.00 MB, used=10.99 MB, max=82.00 MB, threshold=0.00 B
2014-08-26 04:07:22.990+0000 INFO  [org.neo4j]: Operating system information:
    Operating System: Windows 8.1; version: 6.3; arch: amd64; cpus: 4
    Process id: 68128@myPC
    Byte order: LITTLE_ENDIAN
    Local timezone: Europe/London
2014-08-26 04:07:22.991+0000 INFO  [org.neo4j]: JVM information:
    VM Name: Java HotSpot(TM) 64-Bit Server VM
    VM Vendor: Oracle Corporation
    VM Version: 24.60-b09
    JIT compiler: HotSpot 64-Bit Tiered Compilers
    VM Arguments: []
2014-08-26 04:07:22.991+0000 INFO  [org.neo4j]: Java classpath:
     [bootstrap] C:\Program Files\Java\jre7\lib\resources.jar
     [loader.1] file:/C:/Program%20Files/Java/jre7/lib/ext/localedata.jar
     [loader.1] file:/C:/Program%20Files/Java/jre7/lib/ext/zipfs.jar
     [bootstrap] C:\Program Files\Java\jre7\classes
     [loader.1] file:/C:/Program%20Files/Java/jre7/lib/ext/sunjce_provider.jar
     [loader.1] file:/C:/Program%20Files/Java/jre7/lib/ext/jaccess.jar
     [bootstrap] C:\Program Files\Java\jre7\lib\jfr.jar
     [bootstrap] C:\Program Files\Java\jre7\lib\jsse.jar
     [loader.1] file:/C:/Program%20Files/Java/jre7/lib/ext/sunmscapi.jar
     [classpath + loader.0] file:/C:/Users/my/workspace2/ExtractWorkflowRun/target/ExtractWorkflowRun-0.0.1-SNAPSHOT-jar-with-dependencies.jar
     [bootstrap] C:\Program Files\Java\jre7\lib\jce.jar
     [bootstrap] C:\Program Files\Java\jre7\lib\rt.jar
     [loader.1] file:/C:/Program%20Files/Java/jre7/lib/ext/access-bridge-64.jar
     [bootstrap] C:\Program Files\Java\jre7\lib\sunrsasign.jar
     [loader.1] file:/C:/Program%20Files/Java/jre7/lib/ext/dnsns.jar
     [bootstrap] C:\Program Files\Java\jre7\lib\charsets.jar
     [loader.1] file:/C:/Program%20Files/Java/jre7/lib/ext/sunec.jar
2014-08-26 04:07:22.993+0000 INFO  [org.neo4j]: Library path:
    C:\Windows\System32
    C:\Windows\Sun\Java\bin
    C:\Windows\System32
    C:\Windows
    C:\Program Files (x86)\Intel\iCLS Client
    C:\Program Files\Intel\iCLS Client
    C:\Windows\System32
    C:\Windows
    C:\Windows\System32\wbem
    C:\Windows\System32\WindowsPowerShell\v1.0
    C:\Program Files\Intel\Intel(R) Management Engine Components\DAL
    C:\Program Files\Intel\Intel(R) Management Engine Components\IPT
    C:\Program Files (x86)\Intel\Intel(R) Management Engine Components\DAL
    C:\Program Files (x86)\Intel\Intel(R) Management Engine Components\IPT
    C:\Program Files\Intel\WiFi\bin
    C:\Program Files\Common Files\Intel\WirelessCommon
    C:\Program Files (x86)\Windows Live\Shared
    C:\Users\my\Desktop\project\apache-maven-3.2.1-bin\apache-maven-3.2.1\bin
    C:\Program Files\Java\jdk1.7.0_60\bin
    C:\Program Files\Java\jdk1.7.0_60\lib\tools.jar
    C:\Program Files\EmEditor
    C:\Program Files (x86)\Microsoft SQL Server\110\Tools\Binn
    C:\Program Files\Microsoft SQL Server\110\Tools\Binn
    C:\Program Files\Microsoft SQL Server\110\DTS\Binn
    C:\Program Files (x86)\Microsoft SQL Server\110\Tools\Binn\ManagementStudio
    C:\Program Files (x86)\Microsoft SQL Server\110\DTS\Binn
    C:\Users\my\Desktop\project\apache-maven-3.2.1-bin\apache-maven-3.2.1\bin
    C:\Users\my\workspace2\ExtractWorkflowRun\target
2014-08-26 04:07:22.994+0000 INFO  [org.neo4j]: System.properties:
    sun.boot.library.path = C:\Program Files\Java\jre7\bin
    path.separator = ;
    file.encoding.pkg = sun.io
    user.country = CN
    user.script = 
    sun.java.launcher = SUN_STANDARD
    sun.os.patch.level = 
    user.dir = C:\Users\my\workspace2\ExtractWorkflowRun\target
    user.variant = 
    sun.jnu.encoding = GBK
    sun.management.compiler = HotSpot 64-Bit Tiered Compilers
    user.home = C:\Users\my
    user.timezone = Europe/London
    file.encoding = GBK
    user.name = my
    sun.java.command = ExtractWorkflowRun-0.0.1-SNAPSHOT-jar-with-dependencies.jar D:\graph.db 8101
    sun.arch.data.model = 64
    user.language = zh
    awt.toolkit = sun.awt.windows.WToolkit
    file.separator = \
    sun.io.unicode.encoding = UnicodeLittle
    sun.cpu.endian = little
    sun.desktop = windows
    sun.cpu.isalist = amd64
2014-08-26 04:07:22.994+0000 INFO  [org.neo4j]: Network information:
    Interface Software Loopback Interface 1:
        address: 127.0.0.1
        address: 0:0:0:0:0:0:0:1
    Interface Microsoft Kernel Debug Network Adapter:
    Interface Intel(R) Dual Band Wireless-N 7260:
        address: 192.168.0.7
        address: fe80:0:0:0:10fd:2900:e540:f1a2%3
    Interface ASIX AX88772B USB2.0 to Fast Ethernet Adapter:
    Interface Microsoft Wi-Fi Direct Virtual Adapter:
        address: fe80:0:0:0:8517:14e5:3cce:b60c%5
    Interface Microsoft ISATAP Adapter:
    Interface Microsoft 6to4 Adapter:
    Interface Teredo Tunneling Pseudo-Interface:
    Interface Microsoft ISATAP Adapter #4:
    Interface VMware Virtual Ethernet Adapter for VMnet1:
        address: 192.168.32.1
        address: fe80:0:0:0:e0dd:53c6:e592:81f7%10
    Interface VMware Virtual Ethernet Adapter for VMnet8:
        address: 192.168.132.1
        address: fe80:0:0:0:dd4a:2063:b357:1b46%11
    Interface Microsoft ISATAP Adapter #5:
    Interface Microsoft ISATAP Adapter #6:
    Interface Microsoft Hosted Network Virtual Adapter:
    Interface Intel(R) Dual Band Wireless-N 7260-WFP Native MAC Layer LightWeight Filter-0000:
    Interface Intel(R) Dual Band Wireless-N 7260-Virtual WiFi Filter Driver-0000:
    Interface Intel(R) Dual Band Wireless-N 7260-Native WiFi Filter Driver-0000:
    Interface Intel(R) Dual Band Wireless-N 7260-QoS Packet Scheduler-0000:
    Interface Intel(R) Dual Band Wireless-N 7260-WFP 802.3 MAC Layer LightWeight Filter-0000:
    Interface Microsoft Wi-Fi Direct Virtual Adapter-WFP Native MAC Layer LightWeight Filter-0000:
    Interface Microsoft Wi-Fi Direct Virtual Adapter-Native WiFi Filter Driver-0000:
    Interface Microsoft Wi-Fi Direct Virtual Adapter-QoS Packet Scheduler-0000:
    Interface Microsoft Wi-Fi Direct Virtual Adapter-WFP 802.3 MAC Layer LightWeight Filter-0000:
2014-08-26 04:07:23.044+0000 INFO  [org.neo4j]: --- INITIALIZED diagnostics END ---
2014-08-26 04:07:23.046+0000 INFO  [org.neo4j]: Creating new db @ 8101.db\neostore
2014-08-26 04:07:23.563+0000 INFO  [org.neo4j]: [8101.db\neostore.relationshiptypestore.db.names] brickCount=0 brickSize=0b mappedMem=0b (storeSize=38b)
2014-08-26 04:07:23.565+0000 INFO  [org.neo4j]: [8101.db\neostore.relationshiptypestore.db] brickCount=0 brickSize=0b mappedMem=0b (storeSize=0b)
2014-08-26 04:07:23.575+0000 INFO  [org.neo4j]: 8101.db\neostore.relationshiptypestore.db.names hit=0 miss=0 switches=0 ooe=0
2014-08-26 04:07:23.613+0000 INFO  [org.neo4j]: 8101.db\neostore.relationshiptypestore.db hit=0 miss=0 switches=0 ooe=0
2014-08-26 04:07:23.718+0000 INFO  [org.neo4j]: [8101.db\neostore.labeltokenstore.db.names] brickCount=0 brickSize=0b mappedMem=0b (storeSize=38b)
2014-08-26 04:07:23.720+0000 INFO  [org.neo4j]: [8101.db\neostore.labeltokenstore.db] brickCount=0 brickSize=0b mappedMem=0b (storeSize=0b)
2014-08-26 04:07:23.729+0000 INFO  [org.neo4j]: 8101.db\neostore.labeltokenstore.db.names hit=0 miss=0 switches=0 ooe=0
2014-08-26 04:07:23.776+0000 INFO  [org.neo4j]: 8101.db\neostore.labeltokenstore.db hit=0 miss=0 switches=0 ooe=0
2014-08-26 04:07:23.885+0000 INFO  [org.neo4j]: [8101.db\neostore.relationshiptypestore.db.names] brickCount=0 brickSize=0b mappedMem=0b (storeSize=38b)
2014-08-26 04:07:23.887+0000 INFO  [org.neo4j]: [8101.db\neostore.relationshiptypestore.db] brickCount=0 brickSize=0b mappedMem=0b (storeSize=0b)
2014-08-26 04:07:23.888+0000 INFO  [org.neo4j]: [8101.db\neostore.labeltokenstore.db.names] brickCount=0 brickSize=0b mappedMem=0b (storeSize=38b)
2014-08-26 04:07:23.889+0000 INFO  [org.neo4j]: [8101.db\neostore.labeltokenstore.db] brickCount=0 brickSize=0b mappedMem=0b (storeSize=0b)
2014-08-26 04:07:23.891+0000 INFO  [org.neo4j]: [8101.db\neostore.propertystore.db.strings] brickCount=0 brickSize=97408b mappedMem=97517568b (storeSize=128b)
2014-08-26 04:07:23.892+0000 INFO  [org.neo4j]: [8101.db\neostore.propertystore.db.index.keys] brickCount=0 brickSize=0b mappedMem=0b (storeSize=38b)
2014-08-26 04:07:23.893+0000 INFO  [org.neo4j]: [8101.db\neostore.propertystore.db.index] brickCount=0 brickSize=0b mappedMem=0b (storeSize=0b)
2014-08-26 04:07:23.894+0000 INFO  [org.neo4j]: [8101.db\neostore.propertystore.db.arrays] brickCount=0 brickSize=111104b mappedMem=111149056b (storeSize=128b)
2014-08-26 04:07:23.895+0000 INFO  [org.neo4j]: [8101.db\neostore.propertystore.db] brickCount=0 brickSize=1153412b mappedMem=115343360b (storeSize=0b)
2014-08-26 04:07:23.896+0000 INFO  [org.neo4j]: [8101.db\neostore.relationshipstore.db] brickCount=0 brickSize=1405074b mappedMem=140509184b (storeSize=0b)
2014-08-26 04:07:23.898+0000 INFO  [org.neo4j]: [8101.db\neostore.nodestore.db.labels] brickCount=0 brickSize=0b mappedMem=0b (storeSize=68b)
2014-08-26 04:07:23.899+0000 INFO  [org.neo4j]: [8101.db\neostore.nodestore.db] brickCount=0 brickSize=314566b mappedMem=31457280b (storeSize=0b)
2014-08-26 04:07:23.900+0000 INFO  [org.neo4j]: [8101.db\neostore.schemastore.db] brickCount=0 brickSize=0b mappedMem=0b (storeSize=64b)
2014-08-26 04:07:23.902+0000 INFO  [org.neo4j]: [8101.db\neostore] brickCount=0 brickSize=0b mappedMem=0b (storeSize=0b)
2014-08-26 04:07:23.913+0000 INFO  [org.neo4j]: 8101.db\neostore.relationshiptypestore.db.names hit=0 miss=0 switches=0 ooe=0
2014-08-26 04:07:23.973+0000 INFO  [org.neo4j]: 8101.db\neostore.relationshiptypestore.db hit=0 miss=0 switches=0 ooe=0
2014-08-26 04:07:24.010+0000 INFO  [org.neo4j]: 8101.db\neostore.labeltokenstore.db.names hit=0 miss=0 switches=0 ooe=0
2014-08-26 04:07:24.043+0000 INFO  [org.neo4j]: 8101.db\neostore.labeltokenstore.db hit=0 miss=0 switches=0 ooe=0
2014-08-26 04:07:24.073+0000 INFO  [org.neo4j]: 8101.db\neostore.propertystore.db.strings hit=0 miss=0 switches=0 ooe=0
2014-08-26 04:07:24.094+0000 INFO  [org.neo4j]: 8101.db\neostore.propertystore.db.index.keys hit=0 miss=0 switches=0 ooe=0
2014-08-26 04:07:24.144+0000 INFO  [org.neo4j]: 8101.db\neostore.propertystore.db.index hit=0 miss=0 switches=0 ooe=0
2014-08-26 04:07:24.182+0000 INFO  [org.neo4j]: 8101.db\neostore.propertystore.db.arrays hit=0 miss=0 switches=0 ooe=0
2014-08-26 04:07:24.210+0000 INFO  [org.neo4j]: 8101.db\neostore.propertystore.db hit=0 miss=0 switches=0 ooe=0
2014-08-26 04:07:24.257+0000 INFO  [org.neo4j]: 8101.db\neostore.relationshipstore.db hit=0 miss=0 switches=0 ooe=0
2014-08-26 04:07:24.298+0000 INFO  [org.neo4j]: 8101.db\neostore.nodestore.db.labels hit=0 miss=0 switches=0 ooe=0
2014-08-26 04:07:24.331+0000 INFO  [org.neo4j]: 8101.db\neostore.nodestore.db hit=0 miss=0 switches=0 ooe=0
2014-08-26 04:07:24.380+0000 INFO  [org.neo4j]: 8101.db\neostore.schemastore.db hit=0 miss=0 switches=0 ooe=0
2014-08-26 04:07:24.435+0000 INFO  [org.neo4j]: 8101.db\neostore hit=0 miss=8 switches=0 ooe=0
2014-08-26 04:07:24.460+0000 INFO  [org.neo4j]: [8101.db\neostore.relationshiptypestore.db.names] brickCount=0 brickSize=0b mappedMem=0b (storeSize=38b)
2014-08-26 04:07:24.461+0000 INFO  [org.neo4j]: [8101.db\neostore.relationshiptypestore.db] brickCount=0 brickSize=0b mappedMem=0b (storeSize=0b)
2014-08-26 04:07:24.463+0000 INFO  [org.neo4j]: [8101.db\neostore.labeltokenstore.db.names] brickCount=0 brickSize=0b mappedMem=0b (storeSize=38b)
2014-08-26 04:07:24.464+0000 INFO  [org.neo4j]: [8101.db\neostore.labeltokenstore.db] brickCount=0 brickSize=0b mappedMem=0b (storeSize=0b)
2014-08-26 04:07:24.465+0000 INFO  [org.neo4j]: [8101.db\neostore.propertystore.db.strings] brickCount=0 brickSize=97408b mappedMem=97517568b (storeSize=128b)
2014-08-26 04:07:24.466+0000 INFO  [org.neo4j]: [8101.db\neostore.propertystore.db.index.keys] brickCount=0 brickSize=0b mappedMem=0b (storeSize=38b)
2014-08-26 04:07:24.467+0000 INFO  [org.neo4j]: [8101.db\neostore.propertystore.db.index] brickCount=0 brickSize=0b mappedMem=0b (storeSize=0b)
2014-08-26 04:07:24.469+0000 INFO  [org.neo4j]: [8101.db\neostore.propertystore.db.arrays] brickCount=0 brickSize=111104b mappedMem=111149056b (storeSize=128b)
2014-08-26 04:07:24.470+0000 INFO  [org.neo4j]: [8101.db\neostore.propertystore.db] brickCount=0 brickSize=1153412b mappedMem=115343360b (storeSize=0b)
2014-08-26 04:07:24.471+0000 INFO  [org.neo4j]: [8101.db\neostore.relationshipstore.db] brickCount=0 brickSize=1405074b mappedMem=140509184b (storeSize=0b)
2014-08-26 04:07:24.473+0000 INFO  [org.neo4j]: [8101.db\neostore.nodestore.db.labels] brickCount=0 brickSize=0b mappedMem=0b (storeSize=68b)
2014-08-26 04:07:24.474+0000 INFO  [org.neo4j]: [8101.db\neostore.nodestore.db] brickCount=0 brickSize=314566b mappedMem=31457280b (storeSize=0b)
2014-08-26 04:07:24.475+0000 INFO  [org.neo4j]: [8101.db\neostore.schemastore.db] brickCount=0 brickSize=0b mappedMem=0b (storeSize=64b)
2014-08-26 04:07:24.476+0000 INFO  [org.neo4j]: [8101.db\neostore] brickCount=0 brickSize=0b mappedMem=0b (storeSize=63b)
2014-08-26 04:07:24.480+0000 INFO  [org.neo4j]: No lucene scan store index found, this might just be first use. Preparing to rebuild.
2014-08-26 04:07:24.484+0000 INFO  [org.neo4j]: No lucene scan store index found, this might just be first use. Preparing to rebuild.
2014-08-26 04:07:24.491+0000 INFO  [org.neo4j]: Opened logical log [8101.db\nioneo_logical.log.1] version=0, lastTxId=1 (clean)
2014-08-26 04:07:24.503+0000 INFO  [org.neo4j]: Rebuilding lucene scan store, this may take a while
2014-08-26 04:07:24.505+0000 INFO  [org.neo4j]: Lucene scan store rebuilt (roughly -1 nodes)
2014-08-26 04:07:24.508+0000 INFO  [org.neo4j]: TM new log: tm_tx_log.1
2014-08-26 04:07:24.524+0000 INFO  [org.neo4j]: Kernel health set to OK
2014-08-26 04:07:24.528+0000 INFO  [org.neo4j]: Opened logical log [8101.db\index\lucene.log.1] version=0, lastTxId=1 (clean)
2014-08-26 04:07:24.555+0000 INFO  [org.neo4j]: --- STARTED diagnostics for KernelDiagnostics:Versions START ---
2014-08-26 04:07:24.555+0000 INFO  [org.neo4j]: Graph Database: org.neo4j.kernel.EmbeddedGraphDatabase StoreId[time:1409026043046, id:-8624068222874768868, store version: 13843131341501958]
2014-08-26 04:07:24.555+0000 INFO  [org.neo4j]: Kernel version: neo4j-kernel, version: 2.0.3
2014-08-26 04:07:24.556+0000 INFO  [org.neo4j]: Neo4j component versions:
2014-08-26 04:07:24.557+0000 INFO  [org.neo4j]:   neo4j, version: 2.0.3; revision: 2.0.3:2.0-maint:72/307c563c11b75fdc71cfa6df05daf9b08d6c37dc
2014-08-26 04:07:24.557+0000 INFO  [org.neo4j]: --- STARTED diagnostics for KernelDiagnostics:Versions END ---
2014-08-26 04:07:24.557+0000 INFO  [org.neo4j]: --- STARTED diagnostics for NEO_STORE_VERSIONS START ---
2014-08-26 04:07:24.557+0000 INFO  [org.neo4j]: Store versions:
    Store versions:
      NeoStore v0.A.1
      SchemaStore v0.A.1
      NodeStore v0.A.1
      RelationshipStore v0.A.1
      RelationshipTypeStore v0.A.1
      LabelTokenStore v0.A.1
      PropertyStore v0.A.1
      PropertyIndexStore v0.A.1
      StringPropertyStore v0.A.1
      ArrayPropertyStore v0.A.1
2014-08-26 04:07:24.558+0000 INFO  [org.neo4j]: --- STARTED diagnostics for NEO_STORE_VERSIONS END ---
2014-08-26 04:07:24.558+0000 INFO  [org.neo4j]: --- STARTED diagnostics for NEO_STORE_ID_USAGE START ---
2014-08-26 04:07:24.559+0000 INFO  [org.neo4j]: Id usage:
    Id usage:
      SchemaStore: used=1 high=0
      NodeStore: used=0 high=-1
      RelationshipStore: used=0 high=-1
      RelationshipTypeStore: used=0 high=-1
      LabelTokenStore: used=0 high=-1
      PropertyStore: used=0 high=-1
      PropertyIndexStore: used=0 high=-1
      StringPropertyStore: used=1 high=0
      ArrayPropertyStore: used=1 high=0
2014-08-26 04:07:24.560+0000 INFO  [org.neo4j]: --- STARTED diagnostics for NEO_STORE_ID_USAGE END ---
2014-08-26 04:07:24.560+0000 INFO  [org.neo4j]: --- STARTED diagnostics for PERSISTENCE_WINDOW_POOL_STATS START ---
2014-08-26 04:07:24.560+0000 INFO  [org.neo4j]: --- STARTED diagnostics for PERSISTENCE_WINDOW_POOL_STATS END ---
2014-08-26 04:07:24.561+0000 INFO  [org.neo4j]: --- STARTED diagnostics for KernelDiagnostics:StoreFiles START ---
2014-08-26 04:07:24.563+0000 INFO  [org.neo4j]: Disk space on partition (Total / Free / Free %): 237886238720 / 82908737536 / 34
Storage files: (filename : modification date - size)
      active_tx_log: 2014-08-26T05:07:24+0100 - 11.00 B
      index:
        lucene-store.db: 2014-08-26T05:07:24+0100 - 40.00 B
        lucene.log.1: 2014-08-26T05:07:24+0100 - 16.00 B
        lucene.log.active: 2014-08-26T05:07:24+0100 - 4.00 B
      - Total: 2014-08-26T05:07:24+0100 - 60.00 B
      lock: 2014-08-26T05:07:23+0100 - 0.00 B
      messages.log: 2014-08-26T05:07:22+0100 - 17.32 kB
      neostore: 2014-08-26T05:07:24+0100 - 63.00 B
      neostore.id: 2014-08-26T05:07:24+0100 - 9.00 B
      neostore.labeltokenstore.db: 2014-08-26T05:07:24+0100 - 0.00 B
      neostore.labeltokenstore.db.id: 2014-08-26T05:07:24+0100 - 9.00 B
      neostore.labeltokenstore.db.names: 2014-08-26T05:07:24+0100 - 38.00 B
      neostore.labeltokenstore.db.names.id: 2014-08-26T05:07:24+0100 - 9.00 B
      neostore.nodestore.db: 2014-08-26T05:07:24+0100 - 0.00 B
      neostore.nodestore.db.id: 2014-08-26T05:07:24+0100 - 9.00 B
      neostore.nodestore.db.labels: 2014-08-26T05:07:24+0100 - 68.00 B
      neostore.nodestore.db.labels.id: 2014-08-26T05:07:24+0100 - 9.00 B
      neostore.propertystore.db: 2014-08-26T05:07:24+0100 - 0.00 B
      neostore.propertystore.db.arrays: 2014-08-26T05:07:24+0100 - 128.00 B
      neostore.propertystore.db.arrays.id: 2014-08-26T05:07:24+0100 - 9.00 B
      neostore.propertystore.db.id: 2014-08-26T05:07:24+0100 - 9.00 B
      neostore.propertystore.db.index: 2014-08-26T05:07:24+0100 - 0.00 B
      neostore.propertystore.db.index.id: 2014-08-26T05:07:24+0100 - 9.00 B
      neostore.propertystore.db.index.keys: 2014-08-26T05:07:24+0100 - 38.00 B
      neostore.propertystore.db.index.keys.id: 2014-08-26T05:07:24+0100 - 9.00 B
      neostore.propertystore.db.strings: 2014-08-26T05:07:24+0100 - 128.00 B
      neostore.propertystore.db.strings.id: 2014-08-26T05:07:24+0100 - 9.00 B
      neostore.relationshipstore.db: 2014-08-26T05:07:24+0100 - 0.00 B
      neostore.relationshipstore.db.id: 2014-08-26T05:07:24+0100 - 9.00 B
      neostore.relationshiptypestore.db: 2014-08-26T05:07:24+0100 - 0.00 B
      neostore.relationshiptypestore.db.id: 2014-08-26T05:07:23+0100 - 9.00 B
      neostore.relationshiptypestore.db.names: 2014-08-26T05:07:24+0100 - 38.00 B
      neostore.relationshiptypestore.db.names.id: 2014-08-26T05:07:23+0100 - 9.00 B
      neostore.schemastore.db: 2014-08-26T05:07:24+0100 - 64.00 B
      neostore.schemastore.db.id: 2014-08-26T05:07:24+0100 - 9.00 B
      nioneo_logical.log.1: 2014-08-26T05:07:24+0100 - 16.00 B
      nioneo_logical.log.active: 2014-08-26T05:07:24+0100 - 4.00 B
      schema:
        label:
          lucene:
            write.lock: 2014-08-26T05:07:24+0100 - 0.00 B
          - Total: 2014-08-26T05:07:24+0100 - 0.00 B
        - Total: 2014-08-26T05:07:24+0100 - 0.00 B
      - Total: 2014-08-26T05:07:24+0100 - 0.00 B
      store_lock: 2014-08-26T05:07:23+0100 - 0.00 B
      tm_tx_log.1: 2014-08-26T05:07:24+0100 - 0.00 B
2014-08-26 04:07:24.581+0000 INFO  [org.neo4j]: --- STARTED diagnostics for KernelDiagnostics:StoreFiles END ---
2014-08-26 04:07:24.581+0000 INFO  [org.neo4j]: Database is now ready
2014-08-26 04:07:24.581+0000 INFO  [org.neo4j]: GC Monitor started. 
2014-08-26 04:07:28.007+0000 INFO  [org.neo4j]: Shutdown started
2014-08-26 04:07:28.007+0000 INFO  [org.neo4j]: Database is now unavailable
2014-08-26 04:07:28.008+0000 INFO  [org.neo4j]: GC Monitor stopped. 
2014-08-26 04:07:28.041+0000 INFO  [org.neo4j]: Closed log 8101.db\index\lucene.log
2014-08-26 04:07:28.050+0000 INFO  [org.neo4j]: TM shutting down
2014-08-26 04:07:28.249+0000 INFO  [org.neo4j]: Closed log 8101.db\nioneo_logical.log
2014-08-26 04:07:28.293+0000 INFO  [org.neo4j]: 8101.db\neostore.relationshiptypestore.db.names hit=0 miss=7 switches=0 ooe=0
2014-08-26 04:07:28.319+0000 INFO  [org.neo4j]: 8101.db\neostore.relationshiptypestore.db hit=0 miss=7 switches=0 ooe=0
2014-08-26 04:07:28.357+0000 INFO  [org.neo4j]: 8101.db\neostore.labeltokenstore.db.names hit=0 miss=6 switches=0 ooe=0
2014-08-26 04:07:28.384+0000 INFO  [org.neo4j]: 8101.db\neostore.labeltokenstore.db hit=0 miss=6 switches=0 ooe=0
2014-08-26 04:07:28.414+0000 INFO  [org.neo4j]: 8101.db\neostore.propertystore.db.strings hit=141 miss=0 switches=0 ooe=0
2014-08-26 04:07:28.456+0000 INFO  [org.neo4j]: 8101.db\neostore.propertystore.db.index.keys hit=0 miss=15 switches=0 ooe=0
2014-08-26 04:07:28.489+0000 INFO  [org.neo4j]: 8101.db\neostore.propertystore.db.index hit=0 miss=15 switches=0 ooe=0
2014-08-26 04:07:28.533+0000 INFO  [org.neo4j]: 8101.db\neostore.propertystore.db.arrays hit=0 miss=0 switches=0 ooe=0
2014-08-26 04:07:28.559+0000 INFO  [org.neo4j]: 8101.db\neostore.propertystore.db hit=264 miss=0 switches=0 ooe=0
2014-08-26 04:07:28.590+0000 INFO  [org.neo4j]: 8101.db\neostore.relationshipstore.db hit=112 miss=0 switches=0 ooe=0
2014-08-26 04:07:28.621+0000 INFO  [org.neo4j]: 8101.db\neostore.nodestore.db.labels hit=0 miss=0 switches=0 ooe=0
2014-08-26 04:07:28.653+0000 INFO  [org.neo4j]: 8101.db\neostore.nodestore.db hit=82 miss=0 switches=0 ooe=0
2014-08-26 04:07:28.673+0000 INFO  [org.neo4j]: 8101.db\neostore.schemastore.db hit=0 miss=0 switches=0 ooe=0
2014-08-26 04:07:28.705+0000 INFO  [org.neo4j]: 8101.db\neostore hit=0 miss=42 switches=0 ooe=0
2014-08-26 04:07:28.729+0000 INFO  [org.neo4j]: NeoStore closed
2014-08-26 04:07:28.729+0000 INFO  [org.neo4j]: --- STOPPING diagnostics START ---
2014-08-26 04:07:28.730+0000 INFO  [org.neo4j]: --- STOPPING diagnostics END ---
